<?xml version="1.0" encoding="UTF-8"?>
<testsuite xmlns:xsi="http://www.w3.org/2001/XMLSchema-instance" xsi:noNamespaceSchemaLocation="https://maven.apache.org/surefire/maven-surefire-plugin/xsd/surefire-test-report.xsd" name="com.mycompany.app.AppTest" time="0.023" tests="1" errors="0" skipped="0" failures="0">
  <properties>
    <property name="java.specification.version" value="18"/>
    <property name="sun.jnu.encoding" value="UTF-8"/>
    <property name="java.class.path" value="/Users/lucienchemaly/Desktop/my-app/target/test-classes:/Users/lucienchemaly/Desktop/my-app/target/classes:/Users/lucienchemaly/.m2/repository/org/springframework/boot/spring-boot-starter-web/2.6.0-M2/spring-boot-starter-web-2.6.0-M2.jar:/Users/lucienchemaly/.m2/repository/org/springframework/boot/spring-boot-starter/2.6.0-M2/spring-boot-starter-2.6.0-M2.jar:/Users/lucienchemaly/.m2/repository/org/springframework/boot/spring-boot-starter-logging/2.6.0-M2/spring-boot-starter-logging-2.6.0-M2.jar:/Users/lucienchemaly/.m2/repository/ch/qos/logback/logback-classic/1.2.5/logback-classic-1.2.5.jar:/Users/lucienchemaly/.m2/repository/ch/qos/logback/logback-core/1.2.5/logback-core-1.2.5.jar:/Users/lucienchemaly/.m2/repository/org/slf4j/slf4j-api/1.7.32/slf4j-api-1.7.32.jar:/Users/lucienchemaly/.m2/repository/org/apache/logging/log4j/log4j-to-slf4j/2.14.1/log4j-to-slf4j-2.14.1.jar:/Users/lucienchemaly/.m2/repository/org/apache/logging/log4j/log4j-api/2.14.1/log4j-api-2.14.1.jar:/Users/lucienchemaly/.m2/repository/org/slf4j/jul-to-slf4j/1.7.32/jul-to-slf4j-1.7.32.jar:/Users/lucienchemaly/.m2/repository/jakarta/annotation/jakarta.annotation-api/1.3.5/jakarta.annotation-api-1.3.5.jar:/Users/lucienchemaly/.m2/repository/org/springframework/spring-core/5.3.9/spring-core-5.3.9.jar:/Users/lucienchemaly/.m2/repository/org/springframework/spring-jcl/5.3.9/spring-jcl-5.3.9.jar:/Users/lucienchemaly/.m2/repository/org/yaml/snakeyaml/1.29/snakeyaml-1.29.jar:/Users/lucienchemaly/.m2/repository/org/springframework/boot/spring-boot-starter-json/2.6.0-M2/spring-boot-starter-json-2.6.0-M2.jar:/Users/lucienchemaly/.m2/repository/com/fasterxml/jackson/core/jackson-databind/2.12.4/jackson-databind-2.12.4.jar:/Users/lucienchemaly/.m2/repository/com/fasterxml/jackson/core/jackson-annotations/2.12.4/jackson-annotations-2.12.4.jar:/Users/lucienchemaly/.m2/repository/com/fasterxml/jackson/core/jackson-core/2.12.4/jackson-core-2.12.4.jar:/Users/lucienchemaly/.m2/repository/com/fasterxml/jackson/datatype/jackson-datatype-jdk8/2.12.4/jackson-datatype-jdk8-2.12.4.jar:/Users/lucienchemaly/.m2/repository/com/fasterxml/jackson/datatype/jackson-datatype-jsr310/2.12.4/jackson-datatype-jsr310-2.12.4.jar:/Users/lucienchemaly/.m2/repository/com/fasterxml/jackson/module/jackson-module-parameter-names/2.12.4/jackson-module-parameter-names-2.12.4.jar:/Users/lucienchemaly/.m2/repository/org/springframework/boot/spring-boot-starter-tomcat/2.6.0-M2/spring-boot-starter-tomcat-2.6.0-M2.jar:/Users/lucienchemaly/.m2/repository/org/apache/tomcat/embed/tomcat-embed-core/9.0.52/tomcat-embed-core-9.0.52.jar:/Users/lucienchemaly/.m2/repository/org/apache/tomcat/embed/tomcat-embed-el/9.0.52/tomcat-embed-el-9.0.52.jar:/Users/lucienchemaly/.m2/repository/org/apache/tomcat/embed/tomcat-embed-websocket/9.0.52/tomcat-embed-websocket-9.0.52.jar:/Users/lucienchemaly/.m2/repository/org/springframework/spring-web/5.3.9/spring-web-5.3.9.jar:/Users/lucienchemaly/.m2/repository/org/springframework/spring-beans/5.3.9/spring-beans-5.3.9.jar:/Users/lucienchemaly/.m2/repository/org/springframework/spring-webmvc/5.3.9/spring-webmvc-5.3.9.jar:/Users/lucienchemaly/.m2/repository/org/springframework/spring-aop/5.3.9/spring-aop-5.3.9.jar:/Users/lucienchemaly/.m2/repository/org/springframework/spring-context/5.3.9/spring-context-5.3.9.jar:/Users/lucienchemaly/.m2/repository/org/springframework/spring-expression/5.3.9/spring-expression-5.3.9.jar:/Users/lucienchemaly/.m2/repository/org/springframework/boot/spring-boot-devtools/2.6.0-M2/spring-boot-devtools-2.6.0-M2.jar:/Users/lucienchemaly/.m2/repository/org/springframework/boot/spring-boot/2.6.0-M2/spring-boot-2.6.0-M2.jar:/Users/lucienchemaly/.m2/repository/org/springframework/boot/spring-boot-autoconfigure/2.6.0-M2/spring-boot-autoconfigure-2.6.0-M2.jar:/Users/lucienchemaly/.m2/repository/com/h2database/h2/1.4.200/h2-1.4.200.jar:/Users/lucienchemaly/.m2/repository/junit/junit/4.13.2/junit-4.13.2.jar:/Users/lucienchemaly/.m2/repository/org/hamcrest/hamcrest-core/2.2/hamcrest-core-2.2.jar:/Users/lucienchemaly/.m2/repository/org/hamcrest/hamcrest/2.2/hamcrest-2.2.jar:"/>
    <property name="java.vm.vendor" value="Homebrew"/>
    <property name="sun.arch.data.model" value="64"/>
    <property name="java.vendor.url" value="https://github.com/Homebrew/homebrew-core/issues"/>
    <property name="os.name" value="Mac OS X"/>
    <property name="java.vm.specification.version" value="18"/>
    <property name="sun.java.launcher" value="SUN_STANDARD"/>
    <property name="user.country" value="LB"/>
    <property name="sun.boot.library.path" value="/usr/local/Cellar/openjdk/18.0.2/libexec/openjdk.jdk/Contents/Home/lib"/>
    <property name="sun.java.command" value="/Users/lucienchemaly/Desktop/my-app/target/surefire/surefirebooter10424879817259876355.jar /Users/lucienchemaly/Desktop/my-app/target/surefire 2023-01-31T14-42-49_728-jvmRun1 surefire1532960804168883366tmp surefire_08828248495428732102tmp"/>
    <property name="http.nonProxyHosts" value="local|*.local|169.254/16|*.169.254/16"/>
    <property name="jdk.debug" value="release"/>
    <property name="surefire.test.class.path" value="/Users/lucienchemaly/Desktop/my-app/target/test-classes:/Users/lucienchemaly/Desktop/my-app/target/classes:/Users/lucienchemaly/.m2/repository/org/springframework/boot/spring-boot-starter-web/2.6.0-M2/spring-boot-starter-web-2.6.0-M2.jar:/Users/lucienchemaly/.m2/repository/org/springframework/boot/spring-boot-starter/2.6.0-M2/spring-boot-starter-2.6.0-M2.jar:/Users/lucienchemaly/.m2/repository/org/springframework/boot/spring-boot-starter-logging/2.6.0-M2/spring-boot-starter-logging-2.6.0-M2.jar:/Users/lucienchemaly/.m2/repository/ch/qos/logback/logback-classic/1.2.5/logback-classic-1.2.5.jar:/Users/lucienchemaly/.m2/repository/ch/qos/logback/logback-core/1.2.5/logback-core-1.2.5.jar:/Users/lucienchemaly/.m2/repository/org/slf4j/slf4j-api/1.7.32/slf4j-api-1.7.32.jar:/Users/lucienchemaly/.m2/repository/org/apache/logging/log4j/log4j-to-slf4j/2.14.1/log4j-to-slf4j-2.14.1.jar:/Users/lucienchemaly/.m2/repository/org/apache/logging/log4j/log4j-api/2.14.1/log4j-api-2.14.1.jar:/Users/lucienchemaly/.m2/repository/org/slf4j/jul-to-slf4j/1.7.32/jul-to-slf4j-1.7.32.jar:/Users/lucienchemaly/.m2/repository/jakarta/annotation/jakarta.annotation-api/1.3.5/jakarta.annotation-api-1.3.5.jar:/Users/lucienchemaly/.m2/repository/org/springframework/spring-core/5.3.9/spring-core-5.3.9.jar:/Users/lucienchemaly/.m2/repository/org/springframework/spring-jcl/5.3.9/spring-jcl-5.3.9.jar:/Users/lucienchemaly/.m2/repository/org/yaml/snakeyaml/1.29/snakeyaml-1.29.jar:/Users/lucienchemaly/.m2/repository/org/springframework/boot/spring-boot-starter-json/2.6.0-M2/spring-boot-starter-json-2.6.0-M2.jar:/Users/lucienchemaly/.m2/repository/com/fasterxml/jackson/core/jackson-databind/2.12.4/jackson-databind-2.12.4.jar:/Users/lucienchemaly/.m2/repository/com/fasterxml/jackson/core/jackson-annotations/2.12.4/jackson-annotations-2.12.4.jar:/Users/lucienchemaly/.m2/repository/com/fasterxml/jackson/core/jackson-core/2.12.4/jackson-core-2.12.4.jar:/Users/lucienchemaly/.m2/repository/com/fasterxml/jackson/datatype/jackson-datatype-jdk8/2.12.4/jackson-datatype-jdk8-2.12.4.jar:/Users/lucienchemaly/.m2/repository/com/fasterxml/jackson/datatype/jackson-datatype-jsr310/2.12.4/jackson-datatype-jsr310-2.12.4.jar:/Users/lucienchemaly/.m2/repository/com/fasterxml/jackson/module/jackson-module-parameter-names/2.12.4/jackson-module-parameter-names-2.12.4.jar:/Users/lucienchemaly/.m2/repository/org/springframework/boot/spring-boot-starter-tomcat/2.6.0-M2/spring-boot-starter-tomcat-2.6.0-M2.jar:/Users/lucienchemaly/.m2/repository/org/apache/tomcat/embed/tomcat-embed-core/9.0.52/tomcat-embed-core-9.0.52.jar:/Users/lucienchemaly/.m2/repository/org/apache/tomcat/embed/tomcat-embed-el/9.0.52/tomcat-embed-el-9.0.52.jar:/Users/lucienchemaly/.m2/repository/org/apache/tomcat/embed/tomcat-embed-websocket/9.0.52/tomcat-embed-websocket-9.0.52.jar:/Users/lucienchemaly/.m2/repository/org/springframework/spring-web/5.3.9/spring-web-5.3.9.jar:/Users/lucienchemaly/.m2/repository/org/springframework/spring-beans/5.3.9/spring-beans-5.3.9.jar:/Users/lucienchemaly/.m2/repository/org/springframework/spring-webmvc/5.3.9/spring-webmvc-5.3.9.jar:/Users/lucienchemaly/.m2/repository/org/springframework/spring-aop/5.3.9/spring-aop-5.3.9.jar:/Users/lucienchemaly/.m2/repository/org/springframework/spring-context/5.3.9/spring-context-5.3.9.jar:/Users/lucienchemaly/.m2/repository/org/springframework/spring-expression/5.3.9/spring-expression-5.3.9.jar:/Users/lucienchemaly/.m2/repository/org/springframework/boot/spring-boot-devtools/2.6.0-M2/spring-boot-devtools-2.6.0-M2.jar:/Users/lucienchemaly/.m2/repository/org/springframework/boot/spring-boot/2.6.0-M2/spring-boot-2.6.0-M2.jar:/Users/lucienchemaly/.m2/repository/org/springframework/boot/spring-boot-autoconfigure/2.6.0-M2/spring-boot-autoconfigure-2.6.0-M2.jar:/Users/lucienchemaly/.m2/repository/com/h2database/h2/1.4.200/h2-1.4.200.jar:/Users/lucienchemaly/.m2/repository/junit/junit/4.13.2/junit-4.13.2.jar:/Users/lucienchemaly/.m2/repository/org/hamcrest/hamcrest-core/2.2/hamcrest-core-2.2.jar:/Users/lucienchemaly/.m2/repository/org/hamcrest/hamcrest/2.2/hamcrest-2.2.jar:"/>
    <property name="sun.cpu.endian" value="little"/>
    <property name="user.home" value="/Users/lucienchemaly"/>
    <property name="user.language" value="en"/>
    <property name="java.specification.vendor" value="Oracle Corporation"/>
    <property name="java.version.date" value="2022-07-19"/>
    <property name="java.home" value="/usr/local/Cellar/openjdk/18.0.2/libexec/openjdk.jdk/Contents/Home"/>
    <property name="file.separator" value="/"/>
    <property name="basedir" value="/Users/lucienchemaly/Desktop/my-app"/>
    <property name="java.vm.compressedOopsMode" value="Zero based"/>
    <property name="line.separator" value="&#10;"/>
    <property name="java.vm.specification.vendor" value="Oracle Corporation"/>
    <property name="java.specification.name" value="Java Platform API Specification"/>
    <property name="apple.awt.application.name" value="ForkedBooter"/>
    <property name="surefire.real.class.path" value="/Users/lucienchemaly/Desktop/my-app/target/surefire/surefirebooter10424879817259876355.jar"/>
    <property name="sun.management.compiler" value="HotSpot 64-Bit Tiered Compilers"/>
    <property name="ftp.nonProxyHosts" value="local|*.local|169.254/16|*.169.254/16"/>
    <property name="java.runtime.version" value="18.0.2+0"/>
    <property name="user.name" value="lucienchemaly"/>
    <property name="path.separator" value=":"/>
    <property name="os.version" value="11.6"/>
    <property name="java.runtime.name" value="OpenJDK Runtime Environment"/>
    <property name="file.encoding" value="UTF-8"/>
    <property name="java.vm.name" value="OpenJDK 64-Bit Server VM"/>
    <property name="java.vendor.version" value="Homebrew"/>
    <property name="localRepository" value="/Users/lucienchemaly/.m2/repository"/>
    <property name="java.vendor.url.bug" value="https://github.com/Homebrew/homebrew-core/issues"/>
    <property name="java.io.tmpdir" value="/var/folders/mb/gntzdfcj7fv6j83hcf9lspcm0000gn/T/"/>
    <property name="java.version" value="18.0.2"/>
    <property name="user.dir" value="/Users/lucienchemaly/Desktop/my-app"/>
    <property name="os.arch" value="x86_64"/>
    <property name="java.vm.specification.name" value="Java Virtual Machine Specification"/>
    <property name="native.encoding" value="UTF-8"/>
    <property name="java.library.path" value="/Users/lucienchemaly/Library/Java/Extensions:/Library/Java/Extensions:/Network/Library/Java/Extensions:/System/Library/Java/Extensions:/usr/lib/java:."/>
    <property name="java.vm.info" value="mixed mode, sharing"/>
    <property name="java.vendor" value="Homebrew"/>
    <property name="java.vm.version" value="18.0.2+0"/>
    <property name="sun.io.unicode.encoding" value="UnicodeBig"/>
    <property name="socksNonProxyHosts" value="local|*.local|169.254/16|*.169.254/16"/>
    <property name="java.class.version" value="62.0"/>
  </properties>
  <testcase name="testApp" classname="com.mycompany.app.AppTest" time="0.003"/>
</testsuite>